Using pre-set license
Built from '2021.3/staging' branch; Version is '2021.3.5f1 (40eb3a945986) revision 4254522'; Using compiler version '192829333'; Build Type 'Release'
OS: 'Windows 11  (10.0.22631) 64bit Core' Language: 'es' Physical Memory: 16252 MB
BatchMode: 1, IsHumanControllingUs: 0, StartBugReporterOnCrash: 0, Is64bit: 1, IsPro: 1

COMMAND LINE ARGUMENTS:
C:\Program Files\Unity\Hub\Editor\2021.3.5f1\Editor\Unity.exe
-adb2
-batchMode
-noUpm
-name
AssetImportWorker1
-projectPath
C:/Users/efeli/Documents/GitHub/AGV-Eva/rpg-agd
-logFile
Logs/AssetImportWorker1.log
-srvPort
52074
Successfully changed project path to: C:/Users/efeli/Documents/GitHub/AGV-Eva/rpg-agd
C:/Users/efeli/Documents/GitHub/AGV-Eva/rpg-agd
[UnityMemory] Configuration Parameters - Can be set up in boot.config
    "memorysetup-bucket-allocator-granularity=16"
    "memorysetup-bucket-allocator-bucket-count=8"
    "memorysetup-bucket-allocator-block-size=33554432"
    "memorysetup-bucket-allocator-block-count=8"
    "memorysetup-main-allocator-block-size=16777216"
    "memorysetup-thread-allocator-block-size=16777216"
    "memorysetup-gfx-main-allocator-block-size=16777216"
    "memorysetup-gfx-thread-allocator-block-size=16777216"
    "memorysetup-cache-allocator-block-size=4194304"
    "memorysetup-typetree-allocator-block-size=2097152"
    "memorysetup-profiler-bucket-allocator-granularity=16"
    "memorysetup-profiler-bucket-allocator-bucket-count=8"
    "memorysetup-profiler-bucket-allocator-block-size=33554432"
    "memorysetup-profiler-bucket-allocator-block-count=8"
    "memorysetup-profiler-allocator-block-size=16777216"
    "memorysetup-profiler-editor-allocator-block-size=1048576"
    "memorysetup-temp-allocator-size-main=16777216"
    "memorysetup-job-temp-allocator-block-size=2097152"
    "memorysetup-job-temp-allocator-block-size-background=1048576"
    "memorysetup-job-temp-allocator-reduction-small-platforms=262144"
    "memorysetup-temp-allocator-size-background-worker=32768"
    "memorysetup-temp-allocator-size-job-worker=262144"
    "memorysetup-temp-allocator-size-preload-manager=33554432"
    "memorysetup-temp-allocator-size-nav-mesh-worker=65536"
    "memorysetup-temp-allocator-size-audio-worker=65536"
    "memorysetup-temp-allocator-size-cloud-worker=32768"
    "memorysetup-temp-allocator-size-gi-baking-worker=262144"
    "memorysetup-temp-allocator-size-gfx=262144"
Refreshing native plugins compatible for Editor in 87.25 ms, found 3 plugins.
Preloading 0 native plugins for Editor in 0.00 ms.
Initialize engine version: 2021.3.5f1 (40eb3a945986)
[Subsystems] Discovering subsystems at path C:/Program Files/Unity/Hub/Editor/2021.3.5f1/Editor/Data/Resources/UnitySubsystems
[Subsystems] Discovering subsystems at path C:/Users/efeli/Documents/GitHub/AGV-Eva/rpg-agd/Assets
GfxDevice: creating device client; threaded=0; jobified=0
Direct3D:
    Version:  Direct3D 11.0 [level 11.1]
    Renderer: NVIDIA GeForce RTX 3060 Laptop GPU (ID=0x2560)
    Vendor:   NVIDIA
    VRAM:     6009 MB
    Driver:   31.0.15.2799
Initialize mono
Mono path[0] = 'C:/Program Files/Unity/Hub/Editor/2021.3.5f1/Editor/Data/Managed'
Mono path[1] = 'C:/Program Files/Unity/Hub/Editor/2021.3.5f1/Editor/Data/MonoBleedingEdge/lib/mono/unityjit-win32'
Mono config path = 'C:/Program Files/Unity/Hub/Editor/2021.3.5f1/Editor/Data/MonoBleedingEdge/etc'
Using monoOptions --debugger-agent=transport=dt_socket,embedding=1,server=y,suspend=n,address=127.0.0.1:56108
Begin MonoManager ReloadAssembly
Registering precompiled unity dll's ...
Register platform support module: C:/Program Files/Unity/Hub/Editor/2021.3.5f1/Editor/Data/PlaybackEngines/WindowsStandaloneSupport/UnityEditor.WindowsStandalone.Extensions.dll
Registered in 0.006236 seconds.
Native extension for WindowsStandalone target not found
Refreshing native plugins compatible for Editor in 71.87 ms, found 3 plugins.
Preloading 0 native plugins for Editor in 0.00 ms.
Mono: successfully reloaded assembly
- Completed reload, in  0.571 seconds
Domain Reload Profiling:
	ReloadAssembly (572ms)
		BeginReloadAssembly (67ms)
			ExecutionOrderSort (0ms)
			DisableScriptedObjects (0ms)
			BackupInstance (0ms)
			ReleaseScriptingObjects (0ms)
			CreateAndSetChildDomain (1ms)
		EndReloadAssembly (396ms)
			LoadAssemblies (65ms)
			RebuildTransferFunctionScriptingTraits (0ms)
			SetupTypeCache (81ms)
			ReleaseScriptCaches (0ms)
			RebuildScriptCaches (22ms)
			SetupLoadedEditorAssemblies (246ms)
				LogAssemblyErrors (0ms)
				InitializePlatformSupportModulesInManaged (7ms)
				SetLoadedEditorAssemblies (0ms)
				RefreshPlugins (72ms)
				BeforeProcessingInitializeOnLoad (1ms)
				ProcessInitializeOnLoadAttributes (126ms)
				ProcessInitializeOnLoadMethodAttributes (40ms)
				AfterProcessingInitializeOnLoad (0ms)
				EditorAssembliesLoaded (0ms)
			ExecutionOrderSort2 (0ms)
			AwakeInstancesAfterBackupRestoration (0ms)
Platform modules already initialized, skipping
Registering precompiled user dll's ...
Registered in 0.005419 seconds.
Begin MonoManager ReloadAssembly
Symbol file LoadedFromMemory doesn't match image C:\Users\efeli\Documents\GitHub\AGV-Eva\rpg-agd\Library\PackageCache\com.unity.visualscripting@1.7.8\Editor\VisualScripting.Core\Dependencies\YamlDotNet\Unity.VisualScripting.YamlDotNet.dll
Symbol file LoadedFromMemory doesn't match image C:\Users\efeli\Documents\GitHub\AGV-Eva\rpg-agd\Library\PackageCache\com.unity.visualscripting@1.7.8\Editor\VisualScripting.Core\Dependencies\DotNetZip\Unity.VisualScripting.IonicZip.dll
Native extension for WindowsStandalone target not found
Refreshing native plugins compatible for Editor in 0.77 ms, found 3 plugins.
Preloading 0 native plugins for Editor in 0.00 ms.
Mono: successfully reloaded assembly
- Completed reload, in  0.931 seconds
Domain Reload Profiling:
	ReloadAssembly (932ms)
		BeginReloadAssembly (101ms)
			ExecutionOrderSort (0ms)
			DisableScriptedObjects (5ms)
			BackupInstance (0ms)
			ReleaseScriptingObjects (0ms)
			CreateAndSetChildDomain (21ms)
		EndReloadAssembly (718ms)
			LoadAssemblies (72ms)
			RebuildTransferFunctionScriptingTraits (0ms)
			SetupTypeCache (214ms)
			ReleaseScriptCaches (1ms)
			RebuildScriptCaches (47ms)
			SetupLoadedEditorAssemblies (346ms)
				LogAssemblyErrors (0ms)
				InitializePlatformSupportModulesInManaged (5ms)
				SetLoadedEditorAssemblies (0ms)
				RefreshPlugins (1ms)
				BeforeProcessingInitializeOnLoad (84ms)
				ProcessInitializeOnLoadAttributes (222ms)
				ProcessInitializeOnLoadMethodAttributes (26ms)
				AfterProcessingInitializeOnLoad (7ms)
				EditorAssembliesLoaded (0ms)
			ExecutionOrderSort2 (0ms)
			AwakeInstancesAfterBackupRestoration (6ms)
Platform modules already initialized, skipping
========================================================================
Worker process is ready to serve import requests
Launched and connected shader compiler UnityShaderCompiler.exe after 0.04 seconds
Refreshing native plugins compatible for Editor in 1.28 ms, found 3 plugins.
Preloading 0 native plugins for Editor in 0.00 ms.
Unloading 3481 Unused Serialized files (Serialized files now loaded: 0)
Unloading 31 unused Assets / (397.3 KB). Loaded Objects now: 3937.
Memory consumption went from 125.0 MB to 124.6 MB.
Total: 3.446200 ms (FindLiveObjects: 0.305200 ms CreateObjectMapping: 0.098500 ms MarkObjects: 2.869000 ms  DeleteObjects: 0.172800 ms)

AssetImportParameters requested are different than current active one (requested -> active):
  custom:video-decoder-ogg-theora: a1e56fd34408186e4bbccfd4996cb3dc -> 
  custom:container-muxer-webm: aa71ff27fc2769a1b78a27578f13a17b -> 
  custom:container-demuxer-webm: 4f35f7cbe854078d1ac9338744f61a02 -> 
  custom:video-encoder-webm-vp8: eb34c28f22e8b96e1ab97ce403110664 -> 
  custom:video-codec-MediaFoundation-h265: 746d11721c4dcdbdad8f713fa42b33f4 -> 
  custom:audio-encoder-webm-vorbis: bf7c407c2cedff20999df2af8eb42d56 -> 
  custom:framework-win-MediaFoundation: 216162199b28c13a410421893ffa2e32 -> 
  custom:container-demuxer-ogg: 62fdf1f143b41e24485cea50d1cbac27 -> 
  custom:video-decoder-webm-vp8: 9c59270c3fd7afecdb556c50c9e8de78 -> 
  custom:audio-decoder-ogg-vorbis: bf7c407c2cedff20999df2af8eb42d56 -> 
========================================================================
Received Import Request.
  Time since last request: 1366521.701898 seconds.
  path: Assets/Items/Helmet of Protection.asset
  artifactKey: Guid(f9a3ad6fd0aab1342b67c97edf9341b8) Importer(815301076,1909f56bfc062723c751e8b465ee728b)
Start importing Assets/Items/Helmet of Protection.asset using Guid(f9a3ad6fd0aab1342b67c97edf9341b8) Importer(815301076,1909f56bfc062723c751e8b465ee728b)  -> (artifact id: '8ab9bfc035d1be8edd2d6666b2dcdd60') in 0.031221 seconds 
========================================================================
Received Import Request.
  Time since last request: 0.232941 seconds.
  path: Assets/Items/Objects/Default/Hair.prefab
  artifactKey: Guid(5cc1ff973688f4e01a54cb1d5d0d18cc) Importer(815301076,1909f56bfc062723c751e8b465ee728b)
Start importing Assets/Items/Objects/Default/Hair.prefab using Guid(5cc1ff973688f4e01a54cb1d5d0d18cc) Importer(815301076,1909f56bfc062723c751e8b465ee728b)  -> (artifact id: 'a097b56abfa0a31fe5739476c408af12') in 0.030769 seconds 
========================================================================
Received Import Request.
  Time since last request: 0.000024 seconds.
  path: Assets/Items/Objects/Default/Pants.asset
  artifactKey: Guid(e2e05bd016f77413f88d6ae875fe5916) Importer(815301076,1909f56bfc062723c751e8b465ee728b)
Start importing Assets/Items/Objects/Default/Pants.asset using Guid(e2e05bd016f77413f88d6ae875fe5916) Importer(815301076,1909f56bfc062723c751e8b465ee728b)  -> (artifact id: 'af17f68896620a3250c7257fe08e825a') in 0.009930 seconds 
========================================================================
Received Import Request.
  Time since last request: 0.000025 seconds.
  path: Assets/Items/Objects/Default/Shoes.prefab
  artifactKey: Guid(12f3e994963a445e7b090e65267680d7) Importer(815301076,1909f56bfc062723c751e8b465ee728b)
Start importing Assets/Items/Objects/Default/Shoes.prefab using Guid(12f3e994963a445e7b090e65267680d7) Importer(815301076,1909f56bfc062723c751e8b465ee728b)  -> (artifact id: '0341e82be7d68f4d4fb3166e98470762') in 0.005717 seconds 
========================================================================
Received Import Request.
  Time since last request: 0.000029 seconds.
  path: Assets/Items/Objects/Default/Shirt.prefab
  artifactKey: Guid(8c17cd9a458fa4559b62a906a65f05e8) Importer(815301076,1909f56bfc062723c751e8b465ee728b)
Start importing Assets/Items/Objects/Default/Shirt.prefab using Guid(8c17cd9a458fa4559b62a906a65f05e8) Importer(815301076,1909f56bfc062723c751e8b465ee728b)  -> (artifact id: '2ebb7cff92ce5ddfec52ddb2a2ca5b36') in 0.005305 seconds 
========================================================================
Received Import Request.
  Time since last request: 5.500463 seconds.
  path: Assets/Items/Objects/Armour/Helmet.prefab
  artifactKey: Guid(97bdad6b8d1fe4bb587b87b0d073697c) Importer(815301076,1909f56bfc062723c751e8b465ee728b)
Start importing Assets/Items/Objects/Armour/Helmet.prefab using Guid(97bdad6b8d1fe4bb587b87b0d073697c) Importer(815301076,1909f56bfc062723c751e8b465ee728b)  -> (artifact id: '97d2a61a63ae55671df4ef3c94d1b034') in 0.010943 seconds 
========================================================================
Received Import Request.
  Time since last request: 0.000031 seconds.
  path: Assets/Items/Objects/Armour/Platelegs preview.prefab
  artifactKey: Guid(29c96e6c510de4a11a19a9d374a25a18) Importer(815301076,1909f56bfc062723c751e8b465ee728b)
Start importing Assets/Items/Objects/Armour/Platelegs preview.prefab using Guid(29c96e6c510de4a11a19a9d374a25a18) Importer(815301076,1909f56bfc062723c751e8b465ee728b)  -> (artifact id: '0ea0d0f6dfc92dcbad0b02a7094569e7') in 0.011037 seconds 
========================================================================
Received Import Request.
  Time since last request: 0.000027 seconds.
  path: Assets/Items/Objects/Armour/Platelegs.asset
  artifactKey: Guid(df2ebe21179e98a49accd6913ef9e8c8) Importer(815301076,1909f56bfc062723c751e8b465ee728b)
Start importing Assets/Items/Objects/Armour/Platelegs.asset using Guid(df2ebe21179e98a49accd6913ef9e8c8) Importer(815301076,1909f56bfc062723c751e8b465ee728b)  -> (artifact id: 'b41c11b60d2df8be8948230a632205c6') in 0.009988 seconds 
Editor requested this worker to shutdown with reason: Scaling down because of idle timeout
AssetImportWorker is now disconnected from the server
Process exiting
Exiting without the bug reporter. Application will terminate with return code 0